2024-08-06 10:42:00,028 : INFO : root : Loading config.
2024-08-06 10:42:00,044 : INFO : YamlMultifileConfigLoader : Machine config file #1: config.yaml
2024-08-06 10:42:00,044 : WARNING : ConfigProcessor : Config file in cache changed: C:\dev\mpf-cookiepuss\config\config.yaml
2024-08-06 10:42:00,044 : INFO : ConfigProcessor : Loading config from file C:\Users\Administrator\AppData\Local\Programs\Python\Python312\Lib\site-packages\mpf\mpfconfig.yaml.
2024-08-06 10:42:00,084 : INFO : ConfigProcessor : Loading config: C:\Users\Administrator\AppData\Local\Programs\Python\Python312\Lib\site-packages\mpf\mpfconfig.yaml
2024-08-06 10:42:00,091 : INFO : ConfigProcessor : Loading config from file C:\dev\mpf-cookiepuss\config\config.yaml.
2024-08-06 10:42:00,091 : INFO : ConfigProcessor : Loading config: C:\dev\mpf-cookiepuss\config\config.yaml
2024-08-06 10:42:00,107 : INFO : ConfigProcessor : Config file cache created: C:\Users\ADMINI~1\AppData\Local\Temp\d93f11098da03acf313c0066368a80b1.mpf_cache
2024-08-06 10:42:00,311 : INFO : ConfigProcessor : Loading config from cache: C:\Users\ADMINI~1\AppData\Local\Temp\0bcb37c30ff47ef8ec2169c2e41eeddb.mpf_cache
2024-08-06 10:42:00,311 : INFO : ConfigProcessor : Loading config from cache: C:\Users\ADMINI~1\AppData\Local\Temp\f558dafc0148e68b941b469aaf97a31f.mpf_cache
2024-08-06 10:42:00,311 : WARNING : ConfigProcessor : Config file in cache changed: C:\dev\mpf-cookiepuss\modes\base\config\base.yaml
2024-08-06 10:42:00,311 : INFO : ConfigProcessor : Loading config from file C:\dev\mpf-cookiepuss\modes\base\config\base.yaml.
2024-08-06 10:42:00,327 : INFO : ConfigProcessor : Loading config: C:\dev\mpf-cookiepuss\modes\base\config\base.yaml
2024-08-06 10:42:00,327 : INFO : ConfigProcessor : Config file cache created: C:\Users\ADMINI~1\AppData\Local\Temp\f5cace07203beba71e997aa2de21342e.mpf_cache
2024-08-06 10:42:00,327 : INFO : Machine : Mission Pinball Framework Core Engine v0.80.0.dev4
2024-08-06 10:42:00,327 : INFO : Machine : Command line arguments: {'no_load_cache': False, 'create_config_cache': True, 'bcp': False, 'configfile': ['config.yaml'], 'force_assets_load': False, 'platform_integration_test': False, 'jsonlogging': False, 'logfile': 'logs\\2024-08-06-10-42-00-mpf-WIN-HGB6PEKP7M6.log', 'pause': False, 'production': False, 'text_ui': True, 'loglevel': 15, 'consoleloglevel': 20, 'force_platform': None, 'syslog_address': None, 'mc_file_name': None, 'no_sound': False, 'full_logfile_path': 'C:\\dev\\mpf-cookiepuss\\logs\\2024-08-06-10-42-00-mpf-WIN-HGB6PEKP7M6.log'}
2024-08-06 10:42:00,327 : INFO : Machine : MPF path: C:\Users\Administrator\AppData\Local\Programs\Python\Python312\Lib\site-packages\mpf
2024-08-06 10:42:00,327 : INFO : Machine : Machine path: C:\dev\mpf-cookiepuss
2024-08-06 10:42:00,327 : INFO : Machine : Platform: win32
2024-08-06 10:42:00,327 : INFO : Machine : Python executable location: C:\Users\Administrator\AppData\Local\Programs\Python\Python312\python.exe
2024-08-06 10:42:00,327 : INFO : Machine : Python version: 3.12.4 (64-bit)
2024-08-06 10:42:00,327 : INFO : Machine : Initializing MPF...
2024-08-06 10:42:00,822 : INFO : FAST : Auto-detecting ports for the following connections: ['net']
2024-08-06 10:42:00,884 : INFO : FAST : Detected NET on port COM6
2024-08-06 10:42:00,995 : INFO : FAST [NET] : Trying to connect to COM6 at 921600bps
2024-08-06 10:42:01,010 : INFO : FAST [NET] : Connected to COM6 at 921600bps
2024-08-06 10:42:01,026 : INFO : FAST [NET] : Connected to FP-CPU-2000 with firmware v02.13
2024-08-06 10:42:01,057 : INFO : FAST [NET] : Registered I/O Board 0: Model: FP-I/O-0024, Firmware: 01.10, Switches: 24, Drivers: 8
2024-08-06 10:42:01,057 : INFO : FAST [NET] : Registered I/O Board 1: Model: FP-I/O-3208, Firmware: 01.10, Switches: 32, Drivers: 8
2024-08-06 10:42:01,073 : INFO : FAST [NET] : Registered I/O Board 2: Model: FP-I/O-0804, Firmware: 01.09, Switches: 8, Drivers: 4
2024-08-06 10:42:01,073 : INFO : EventManager : Event: ======'machine_var_credits_string'====== Args={'value': 'FREE PLAY', 'prev_value': None, 'change': True}
2024-08-06 10:42:01,136 : INFO : EventManager : Event: ======'machine_var_master_volume'====== Args={'value': 0.5, 'prev_value': None, 'change': True}
2024-08-06 10:42:01,136 : INFO : EventManager : Event: ======'machine_var_player1_score'====== Args={'value': 425, 'prev_value': None, 'change': True}
2024-08-06 10:42:01,136 : INFO : EventManager : Event: ======'machine_var_mpf_version'====== Args={'value': 'Mission Pinball Framework v0.80.0.dev4', 'prev_value': None, 'change': True}
2024-08-06 10:42:01,136 : INFO : EventManager : Event: ======'machine_var_mpf_extended_version'====== Args={'value': 'Mission Pinball Framework v0.80.0.dev4, Config version:6, Show version: 6, BCP version:1.1', 'prev_value': None, 'change': True}
2024-08-06 10:42:01,136 : INFO : EventManager : Event: ======'machine_var_python_version'====== Args={'value': '3.12.4', 'prev_value': None, 'change': True}
2024-08-06 10:42:01,465 : INFO : EventManager : Event: ======'machine_var_platform'====== Args={'value': 'Windows-11-10.0.22631-SP0', 'prev_value': None, 'change': True}
2024-08-06 10:42:01,465 : INFO : EventManager : Event: ======'machine_var_platform_system'====== Args={'value': 'Windows', 'prev_value': None, 'change': True}
2024-08-06 10:42:01,465 : INFO : EventManager : Event: ======'machine_var_platform_release'====== Args={'value': '11', 'prev_value': None, 'change': True}
2024-08-06 10:42:01,465 : INFO : EventManager : Event: ======'machine_var_platform_version'====== Args={'value': '10.0.22631', 'prev_value': None, 'change': True}
2024-08-06 10:42:01,465 : INFO : EventManager : Event: ======'machine_var_platform_machine'====== Args={'value': 'AMD64', 'prev_value': None, 'change': True}
2024-08-06 10:42:01,465 : INFO : EventManager : Event: ======'machine_var_log_file_path'====== Args={'value': 'C:\\dev\\mpf-cookiepuss\\logs\\2024-08-06-10-42-00-mpf-WIN-HGB6PEKP7M6.log', 'prev_value': None, 'change': True}
2024-08-06 10:42:01,465 : INFO : EventManager : Event: ======'init_phase_1'====== Args={}
2024-08-06 10:42:03,243 : WARNING : Machine : Iterating device collections directly is deprecated and will be removed. Access by value(): device_collections[switches] -> device_collections['switches'].values()
2024-08-06 10:42:03,243 : INFO : SwitchController : <<<<<<< 's_trough1' active >>>>>>>
2024-08-06 10:42:03,243 : INFO : EventManager : Event: ======'init_phase_2'====== Args={}
2024-08-06 10:42:03,243 : INFO : SwitchController : Found active switch: (24, [FAST Platform Interface]) <switch.s_trough1>
2024-08-06 10:42:03,746 : INFO : ball_device.bd_trough : BCH: Initial count: 1
2024-08-06 10:42:03,746 : INFO : ball_device.bd_trough : State: idle
2024-08-06 10:42:03,746 : INFO : ball_device.bd_plunger : BCH: Initial count: 0
2024-08-06 10:42:03,746 : INFO : ball_device.bd_plunger : State: idle
2024-08-06 10:42:03,794 : INFO : EventManager : Event: ======'init_phase_3'====== Args={}
2024-08-06 10:42:03,794 : INFO : EventManager : Event: ======'init_phase_4'====== Args={}
2024-08-06 10:42:03,794 : INFO : BallController : Initial balls found: 1
2024-08-06 10:42:03,794 : INFO : EventManager : Event: ======'machine_var_audits_events_game_ended'====== Args={'value': 8, 'prev_value': None, 'change': True}
2024-08-06 10:42:03,794 : INFO : EventManager : Event: ======'machine_var_audits_events_game_started'====== Args={'value': 29, 'prev_value': None, 'change': True}
2024-08-06 10:42:03,794 : INFO : EventManager : Event: ======'machine_var_audits_missing_switches_s_left_inlane'====== Args={'value': 14, 'prev_value': None, 'change': True}
2024-08-06 10:42:03,794 : INFO : EventManager : Event: ======'machine_var_audits_missing_switches_s_left_outlane'====== Args={'value': 14, 'prev_value': None, 'change': True}
2024-08-06 10:42:03,809 : INFO : EventManager : Event: ======'machine_var_audits_missing_switches_s_start'====== Args={'value': 14, 'prev_value': None, 'change': True}
2024-08-06 10:42:03,809 : INFO : EventManager : Event: ======'machine_var_audits_player_score'====== Args={'value': {'average': 483, 'top': [1525, 550, 475, 425, 400, 300, 125, 75], 'total': 8}, 'prev_value': None, 'change': True}
2024-08-06 10:42:03,809 : INFO : EventManager : Event: ======'machine_var_audits_switches_s_left_flipper'====== Args={'value': 294, 'prev_value': None, 'change': True}
2024-08-06 10:42:03,809 : INFO : EventManager : Event: ======'machine_var_audits_switches_s_left_inlane'====== Args={'value': 25, 'prev_value': None, 'change': True}
2024-08-06 10:42:03,809 : INFO : EventManager : Event: ======'machine_var_audits_switches_s_left_outlane'====== Args={'value': 18, 'prev_value': None, 'change': True}
2024-08-06 10:42:03,809 : INFO : EventManager : Event: ======'machine_var_audits_switches_s_left_slingshot'====== Args={'value': 48, 'prev_value': None, 'change': True}
2024-08-06 10:42:03,809 : INFO : EventManager : Event: ======'machine_var_audits_switches_s_plunger'====== Args={'value': 148, 'prev_value': None, 'change': True}
2024-08-06 10:42:03,809 : INFO : EventManager : Event: ======'machine_var_audits_switches_s_right_flipper'====== Args={'value': 415, 'prev_value': None, 'change': True}
2024-08-06 10:42:03,809 : INFO : EventManager : Event: ======'machine_var_audits_switches_s_right_inlane'====== Args={'value': 22, 'prev_value': None, 'change': True}
2024-08-06 10:42:03,809 : INFO : EventManager : Event: ======'machine_var_audits_switches_s_right_lower_pop'====== Args={'value': 54, 'prev_value': None, 'change': True}
2024-08-06 10:42:03,809 : INFO : EventManager : Event: ======'machine_var_audits_switches_s_right_outlane'====== Args={'value': 16, 'prev_value': None, 'change': True}
2024-08-06 10:42:03,809 : INFO : EventManager : Event: ======'machine_var_audits_switches_s_right_slingshot'====== Args={'value': 58, 'prev_value': None, 'change': True}
2024-08-06 10:42:03,809 : INFO : EventManager : Event: ======'machine_var_audits_switches_s_start'====== Args={'value': 6, 'prev_value': None, 'change': True}
2024-08-06 10:42:03,809 : INFO : EventManager : Event: ======'machine_var_audits_switches_s_top_right_flipper'====== Args={'value': 308, 'prev_value': None, 'change': True}
2024-08-06 10:42:03,809 : INFO : EventManager : Event: ======'machine_var_audits_switches_s_trough1'====== Args={'value': 74, 'prev_value': None, 'change': True}
2024-08-06 10:42:03,809 : INFO : EventManager : Event: ======'machine_var_audits_switches_s_trough2'====== Args={'value': 94, 'prev_value': None, 'change': True}
2024-08-06 10:42:03,809 : INFO : EventManager : Event: ======'machine_var_audits_switches_s_trough3'====== Args={'value': 53, 'prev_value': None, 'change': True}
2024-08-06 10:42:03,809 : INFO : EventManager : Event: ======'machine_var_audits_switches_s_trough4'====== Args={'value': 55, 'prev_value': None, 'change': True}
2024-08-06 10:42:03,809 : INFO : EventManager : Event: ======'machine_var_audits_switches_s_trough5'====== Args={'value': 55, 'prev_value': None, 'change': True}
2024-08-06 10:42:03,809 : INFO : EventManager : Event: ======'machine_var_audits_switches_s_trough6'====== Args={'value': 54, 'prev_value': None, 'change': True}
2024-08-06 10:42:03,809 : INFO : EventManager : Event: ======'machine_var_audits_switches_s_trough_jam'====== Args={'value': 81, 'prev_value': None, 'change': True}
2024-08-06 10:42:03,809 : INFO : EventManager : Event: ======'machine_var_audits_switches_s_captive_ball'====== Args={'value': 0, 'prev_value': None, 'change': True}
2024-08-06 10:42:03,809 : INFO : EventManager : Event: ======'init_phase_5'====== Args={}
2024-08-06 10:42:04,060 : INFO : EventManager : Event: ======'init_done'====== Args={}
2024-08-06 10:42:04,060 : INFO : EventManager : Event: ======'machine_reset_phase_1'====== Args={}
2024-08-06 10:42:04,060 : INFO : EventManager : Event: ======'machine_reset_phase_2'====== Args={}
2024-08-06 10:42:04,060 : INFO : EventManager : Event: ======'machine_reset_phase_3'====== Args={}
2024-08-06 10:42:04,060 : INFO : EventManager : Event: ======'reset_complete'====== Args={}
2024-08-06 10:42:04,060 : INFO : EventManager : Event: ======'mode_attract_will_start'====== Args={}
2024-08-06 10:42:04,060 : INFO : EventManager : Event: ======'mode_attract_starting'====== Args={}
2024-08-06 10:42:04,060 : INFO : Mode.attract : Started. Priority: 10
2024-08-06 10:42:04,060 : INFO : EventManager : Event: ======'modes_active_modes_changed'====== Args={}
2024-08-06 10:42:04,060 : INFO : EventManager : Event: ======'mode_attract_started'====== Args={}
2024-08-06 10:42:04,060 : INFO : EventManager : Event: ======'collecting_balls_complete'====== Args={}
2024-08-06 10:42:04,264 : INFO : Machine : Starting the main run loop.
2024-08-06 10:42:18,734 : INFO : SwitchController : <<<<<<< 's_captive_ball' active >>>>>>>
2024-08-06 10:42:18,969 : INFO : SwitchController : <<<<<<< 's_captive_ball' inactive >>>>>>>
2024-08-06 10:42:19,267 : INFO : SwitchController : <<<<<<< 's_captive_ball' active >>>>>>>
2024-08-06 10:42:19,550 : INFO : SwitchController : <<<<<<< 's_captive_ball' inactive >>>>>>>
2024-08-06 10:42:19,707 : INFO : SwitchController : <<<<<<< 's_captive_ball' active >>>>>>>
2024-08-06 10:42:19,880 : INFO : SwitchController : <<<<<<< 's_captive_ball' inactive >>>>>>>
2024-08-06 10:42:19,990 : INFO : SwitchController : <<<<<<< 's_captive_ball' active >>>>>>>
2024-08-06 10:42:20,100 : INFO : SwitchController : <<<<<<< 's_captive_ball' inactive >>>>>>>
2024-08-06 10:42:22,047 : INFO : SwitchController : <<<<<<< 's_start' active >>>>>>>
2024-08-06 10:42:22,173 : INFO : SwitchController : <<<<<<< 's_start' inactive >>>>>>>
2024-08-06 10:42:22,173 : INFO : EventManager : Event: ======'request_to_start_game'====== Args={}
2024-08-06 10:42:22,173 : INFO : EventManager : Event: ======'game_start'====== Args={'buttons': [], 'hold_time': 0.125}
2024-08-06 10:42:22,173 : INFO : EventManager : Event: ======'mode_game_will_start'====== Args={'buttons': [], 'hold_time': 0.125}
2024-08-06 10:42:22,173 : INFO : EventManager : Event: ======'mode_game_starting'====== Args={'buttons': [], 'hold_time': 0.125}
2024-08-06 10:42:22,173 : INFO : EventManager : Event: ======'mode_attract_will_stop'====== Args={}
2024-08-06 10:42:22,173 : INFO : EventManager : Event: ======'mode_attract_stopping'====== Args={}
2024-08-06 10:42:22,173 : INFO : Mode.attract : Stopped.
2024-08-06 10:42:22,173 : INFO : EventManager : Event: ======'modes_active_modes_changed'====== Args={}
2024-08-06 10:42:22,173 : INFO : EventManager : Event: ======'mode_attract_stopped'====== Args={}
2024-08-06 10:42:22,173 : INFO : EventManager : Event: ======'clear'====== Args={'key': 'attract'}
2024-08-06 10:42:22,173 : INFO : Mode.game : Started. Priority: 20
2024-08-06 10:42:22,173 : INFO : EventManager : Event: ======'modes_active_modes_changed'====== Args={}
2024-08-06 10:42:22,173 : INFO : EventManager : Event: ======'mode_game_started'====== Args={'buttons': [], 'hold_time': 0.125}
2024-08-06 10:42:22,204 : INFO : EventManager : Event: ======'game_will_start'====== Args={}
2024-08-06 10:42:22,204 : INFO : EventManager : Event: ======'game_starting'====== Args={'game': <Mode.game>}
2024-08-06 10:42:22,204 : INFO : EventManager : Unordered handler for class <Auditor> on event game_ended with priority 1. Handlers: [RegisteredHandler(callback=<bound method Auditor.disable of <Auditor>>, priority=1, kwargs={}, key=UUID('2418e9b8-d3c0-4004-937f-fc1e4c752a1d'), condition=None, blocking_facility=None), RegisteredHandler(callback=<bound method Auditor._save_audits of <Auditor>>, priority=1, kwargs={}, key=UUID('6bf9ff1c-2154-4540-91e1-ad481cecd1d8'), condition=None, blocking_facility=None)]. The order of those handlers is not defined and they will be executed in random order. This might lead to race conditions and potential bugs.
2024-08-06 10:42:22,220 : INFO : EventManager : Event: ======'player_add_request'====== Args={}
2024-08-06 10:42:22,220 : INFO : EventManager : Event: ======'player_will_add'====== Args={'number': 1}
2024-08-06 10:42:22,220 : INFO : EventManager : Event: ======'player_adding'====== Args={'player': <Player 1>, 'number': 1}
2024-08-06 10:42:22,220 : INFO : EventManager : Event: ======'player_added'====== Args={'player': <Player 1>, 'num': 1}
2024-08-06 10:42:22,220 : INFO : Mode.game : Player added successfully. Total players: 1
2024-08-06 10:42:22,220 : INFO : EventManager : Event: ======'player_index'====== Args={'value': 0, 'prev_value': 0, 'change': 0, 'player_num': 1}
2024-08-06 10:42:22,220 : INFO : EventManager : Event: ======'player_number'====== Args={'value': 1, 'prev_value': 1, 'change': 0, 'player_num': 1}
2024-08-06 10:42:22,220 : INFO : EventManager : Event: ======'player_score'====== Args={'value': 0, 'prev_value': 0, 'change': 0, 'player_num': 1}
2024-08-06 10:42:22,220 : INFO : EventManager : Event: ======'game_started'====== Args={}
2024-08-06 10:42:22,267 : INFO : EventManager : Event: ======'player_turn_will_start'====== Args={'player': <Player 1>, 'number': 1}
2024-08-06 10:42:22,267 : INFO : EventManager : Event: ======'player_turn_starting'====== Args={'player': <Player 1>, 'number': 1}
2024-08-06 10:42:22,267 : INFO : EventManager : Event: ======'player_ball'====== Args={'value': 1, 'prev_value': 0, 'change': 1, 'player_num': 1}
2024-08-06 10:42:22,267 : INFO : EventManager : Event: ======'player_turn_started'====== Args={'player': <Player 1>, 'number': 1}
2024-08-06 10:42:22,267 : INFO : EventManager : Event: ======'ball_will_start'====== Args={'player': 1, 'ball': 1, 'balls_remaining': 2, 'is_extra_ball': False}
2024-08-06 10:42:22,283 : INFO : EventManager : Event: ======'ball_starting'====== Args={'player': 1, 'ball': 1, 'balls_remaining': 2, 'is_extra_ball': False}
2024-08-06 10:42:22,283 : INFO : EventManager : Event: ======'balls_in_play'====== Args={'balls': 1}
2024-08-06 10:42:22,283 : INFO : EventManager : Event: ======'ball_started'====== Args={'player': 1, 'ball': 1, 'balls_remaining': 2, 'is_extra_ball': False}
2024-08-06 10:42:22,283 : INFO : EventManager : Event: ======'mode_base_will_start'====== Args={'player': 1, 'ball': 1, 'balls_remaining': 2, 'is_extra_ball': False}
2024-08-06 10:42:22,283 : ERROR : asyncio : Exception in callback EventManager.process_event_queue()
handle: <Handle EventManager.process_event_queue()>
Traceback (most recent call last):
  File "C:\Users\Administrator\AppData\Local\Programs\Python\Python312\Lib\site-packages\mpf\core\events.py", line 755, in _run_handlers
    result = handler.callback(**merged_kwargs)
             ^^^^^^^^^^^^^^^^^^^^^^^^^^^^^^^^^
  File "C:\Users\Administrator\AppData\Local\Programs\Python\Python312\Lib\site-packages\mpf\core\mode.py", line 218, in start
    result = item.method(config=self.config.get(item.config_section, self.config),
             ^^^^^^^^^^^^^^^^^^^^^^^^^^^^^^^^^^^^^^^^^^^^^^^^^^^^^^^^^^^^^^^^^^^^^
  File "C:\Users\Administrator\AppData\Local\Programs\Python\Python312\Lib\site-packages\mpf\core\config_player.py", line 221, in mode_start
    event_keys = self.register_player_events(config, mode, priority)
                 ^^^^^^^^^^^^^^^^^^^^^^^^^^^^^^^^^^^^^^^^^^^^^^^^^^^
  File "C:\Users\Administrator\AppData\Local\Programs\Python\Python312\Lib\site-packages\mpf\core\config_player.py", line 315, in register_player_events
    self.machine.events.add_handler(
  File "C:\Users\Administrator\AppData\Local\Programs\Python\Python312\Lib\site-packages\mpf\core\events.py", line 219, in add_handler
    self.raise_config_error('Switch name "{name}" name used as event handler for {handler}. '
  File "C:\Users\Administrator\AppData\Local\Programs\Python\Python312\Lib\site-packages\mpf\core\logging.py", line 174, in raise_config_error
    raise ConfigFileError(msg, error_no, self.log.name if self.log else "", context, self._url_base) \
mpf.exceptions.config_file_error.ConfigFileError: Config File Error in EventManager: Switch name "s_captive_ball" name used as event handler for <bound method ConfigPlayer.config_play_callback of ConfigPlayer.variable_player/variables>. Did you mean "s_captive_ball_active"? Error Code: CFE-EventManager-1 (https://missionpinball.org/logs)

The above exception was the direct cause of the following exception:

Traceback (most recent call last):
  File "C:\Users\Administrator\AppData\Local\Programs\Python\Python312\Lib\asyncio\events.py", line 88, in _run
    self._context.run(self._callback, *self._args)
  File "C:\Users\Administrator\AppData\Local\Programs\Python\Python312\Lib\site-packages\mpf\core\events.py", line 846, in process_event_queue
    self._process_event(event=event[0],
  File "C:\Users\Administrator\AppData\Local\Programs\Python\Python312\Lib\site-packages\mpf\core\events.py", line 808, in _process_event
    result = self._run_handlers(event, ev_type, kwargs)
             ^^^^^^^^^^^^^^^^^^^^^^^^^^^^^^^^^^^^^^^^^^
  File "C:\Users\Administrator\AppData\Local\Programs\Python\Python312\Lib\site-packages\mpf\core\events.py", line 757, in _run_handlers
    raise EventHandlerException(
mpf.core.events.EventHandlerException: Exception while processing RegisteredHandler(callback=<bound method Mode.start of <Mode.base>>, priority=100, kwargs={}, key=UUID('ac5ee4ed-506e-4aed-99f7-be538eab6b22'), condition=None, blocking_facility=None) for event ball_started. Config File Error in EventManager: Switch name "s_captive_ball" name used as event handler for <bound method ConfigPlayer.config_play_callback of ConfigPlayer.variable_player/variables>. Did you mean "s_captive_ball_active"? Error Code: CFE-EventManager-1 (https://missionpinball.org/logs)
2024-08-06 10:42:22,299 : INFO : Machine : Shutting down...
2024-08-06 10:42:22,299 : INFO : EventManager : Event: ======'shutdown'====== Args={}
2024-08-06 10:42:22,299 : INFO : EventManager : Event: ======'mode_game_will_stop'====== Args={}
2024-08-06 10:42:22,299 : INFO : EventManager : Event: ======'mode_game_stopping'====== Args={}
2024-08-06 10:42:22,299 : INFO : Mode.game : Stopped.
2024-08-06 10:42:22,299 : INFO : EventManager : Event: ======'modes_active_modes_changed'====== Args={}
2024-08-06 10:42:22,299 : INFO : EventManager : Event: ======'mode_game_stopped'====== Args={}
2024-08-06 10:42:22,299 : INFO : EventManager : Event: ======'clear'====== Args={'key': 'game'}
2024-08-06 10:42:22,409 : ERROR : Machine : Runtime Exception
Traceback (most recent call last):
  File "C:\Users\Administrator\AppData\Local\Programs\Python\Python312\Lib\site-packages\mpf\core\events.py", line 755, in _run_handlers
    result = handler.callback(**merged_kwargs)
             ^^^^^^^^^^^^^^^^^^^^^^^^^^^^^^^^^
  File "C:\Users\Administrator\AppData\Local\Programs\Python\Python312\Lib\site-packages\mpf\core\mode.py", line 218, in start
    result = item.method(config=self.config.get(item.config_section, self.config),
             ^^^^^^^^^^^^^^^^^^^^^^^^^^^^^^^^^^^^^^^^^^^^^^^^^^^^^^^^^^^^^^^^^^^^^
  File "C:\Users\Administrator\AppData\Local\Programs\Python\Python312\Lib\site-packages\mpf\core\config_player.py", line 221, in mode_start
    event_keys = self.register_player_events(config, mode, priority)
                 ^^^^^^^^^^^^^^^^^^^^^^^^^^^^^^^^^^^^^^^^^^^^^^^^^^^
  File "C:\Users\Administrator\AppData\Local\Programs\Python\Python312\Lib\site-packages\mpf\core\config_player.py", line 315, in register_player_events
    self.machine.events.add_handler(
  File "C:\Users\Administrator\AppData\Local\Programs\Python\Python312\Lib\site-packages\mpf\core\events.py", line 219, in add_handler
    self.raise_config_error('Switch name "{name}" name used as event handler for {handler}. '
  File "C:\Users\Administrator\AppData\Local\Programs\Python\Python312\Lib\site-packages\mpf\core\logging.py", line 174, in raise_config_error
    raise ConfigFileError(msg, error_no, self.log.name if self.log else "", context, self._url_base) \
mpf.exceptions.config_file_error.ConfigFileError: Config File Error in EventManager: Switch name "s_captive_ball" name used as event handler for <bound method ConfigPlayer.config_play_callback of ConfigPlayer.variable_player/variables>. Did you mean "s_captive_ball_active"? Error Code: CFE-EventManager-1 (https://missionpinball.org/logs)

The above exception was the direct cause of the following exception:

Traceback (most recent call last):
  File "C:\Users\Administrator\AppData\Local\Programs\Python\Python312\Lib\site-packages\mpf\core\machine.py", line 793, in _run_loop
    raise self._exception['exception']
  File "C:\Users\Administrator\AppData\Local\Programs\Python\Python312\Lib\asyncio\events.py", line 88, in _run
    self._context.run(self._callback, *self._args)
  File "C:\Users\Administrator\AppData\Local\Programs\Python\Python312\Lib\site-packages\mpf\core\events.py", line 846, in process_event_queue
    self._process_event(event=event[0],
  File "C:\Users\Administrator\AppData\Local\Programs\Python\Python312\Lib\site-packages\mpf\core\events.py", line 808, in _process_event
    result = self._run_handlers(event, ev_type, kwargs)
             ^^^^^^^^^^^^^^^^^^^^^^^^^^^^^^^^^^^^^^^^^^
  File "C:\Users\Administrator\AppData\Local\Programs\Python\Python312\Lib\site-packages\mpf\core\events.py", line 757, in _run_handlers
    raise EventHandlerException(
mpf.core.events.EventHandlerException: Exception while processing RegisteredHandler(callback=<bound method Mode.start of <Mode.base>>, priority=100, kwargs={}, key=UUID('ac5ee4ed-506e-4aed-99f7-be538eab6b22'), condition=None, blocking_facility=None) for event ball_started. Config File Error in EventManager: Switch name "s_captive_ball" name used as event handler for <bound method ConfigPlayer.config_play_callback of ConfigPlayer.variable_player/variables>. Did you mean "s_captive_ball_active"? Error Code: CFE-EventManager-1 (https://missionpinball.org/logs)
2024-08-06 10:42:22,425 : INFO : root : MPF run loop ended.
